{
  "stats": {
    "suites": 3,
    "tests": 3,
    "passes": 3,
    "pending": 0,
    "failures": 0,
    "testsRegistered": 3,
    "passPercent": 100,
    "pendingPercent": 0,
    "other": 0,
    "hasOther": false,
    "skipped": 0,
    "hasSkipped": false,
    "start": "2025-05-28T16:10:23.409Z",
    "end": "2025-05-28T16:11:21.913Z",
    "duration": 58504
  },
  "results": [
    {
      "uuid": "65ae9eb0-dac9-4210-9bbf-d086162135e7",
      "title": "",
      "fullFile": "cypress/e2e/agoda/agoda.cy.js",
      "file": "cypress/e2e/agoda/agoda.cy.js",
      "beforeHooks": [],
      "afterHooks": [],
      "tests": [],
      "suites": [
        {
          "uuid": "53107d38-35c4-48b7-a2ef-35d17735e032",
          "title": "E2E Automation Cari Tiket di Agoda",
          "fullFile": "",
          "file": "",
          "beforeHooks": [],
          "afterHooks": [],
          "tests": [
            {
              "title": "Buka Web Agoda",
              "fullTitle": "E2E Automation Cari Tiket di Agoda Buka Web Agoda",
              "timedOut": null,
              "duration": 3447,
              "state": "passed",
              "speed": "fast",
              "pass": true,
              "fail": false,
              "pending": false,
              "context": null,
              "code": "cy.visitAgoda();",
              "err": {},
              "uuid": "0f2b3ddf-9028-42b1-b938-148cbb3c421b",
              "parentUUID": "53107d38-35c4-48b7-a2ef-35d17735e032",
              "isHook": false,
              "skipped": false
            }
          ],
          "suites": [],
          "passes": [
            "0f2b3ddf-9028-42b1-b938-148cbb3c421b"
          ],
          "failures": [],
          "pending": [],
          "skipped": [],
          "duration": 3447,
          "root": false,
          "rootEmpty": false,
          "_timeout": 2000
        }
      ],
      "passes": [],
      "failures": [],
      "pending": [],
      "skipped": [],
      "duration": 0,
      "root": true,
      "rootEmpty": true,
      "_timeout": 2000
    },
    {
      "uuid": "bc363da2-510d-4aa3-b424-a28de96efaa8",
      "title": "",
      "fullFile": "cypress/e2e/amazon/amazon.cy.js",
      "file": "cypress/e2e/amazon/amazon.cy.js",
      "beforeHooks": [],
      "afterHooks": [],
      "tests": [],
      "suites": [
        {
          "uuid": "8ea9d107-0fe1-481f-8d6a-3ca75dff73a0",
          "title": "E2E Automation Cari Kursi di Amazon",
          "fullFile": "",
          "file": "",
          "beforeHooks": [],
          "afterHooks": [],
          "tests": [
            {
              "title": "Cari Kursi di Amazon",
              "fullTitle": "E2E Automation Cari Kursi di Amazon Cari Kursi di Amazon",
              "timedOut": null,
              "duration": 22855,
              "state": "passed",
              "speed": "slow",
              "pass": true,
              "fail": false,
              "pending": false,
              "context": null,
              "code": "cy.visitAmazon();\ncy.wait(10000);\ncy.scrollTo(\"top\");\n_cariBarang.default.typeKeyword('chair');\ncy.wait(1000);\n// cariBarang.removeDismissPopUp();\n_pilihSortDropdown.default.selectPriceDesc();\ncy.wait(3000);\n_Barang.default.getTotalData().then($val => {\n  totalData = $val.length;\n  cy.log(`Banyaknya data = ${totalData}`);\n});\n_Barang.default.getNamaBarang().then(data => {\n  nmBarang = data;\n  cy.log(`Nama Barang = ${nmBarang}`);\n});\n_Barang.default.getHargaBarang().then(data => {\n  hrgBarang = data;\n  cy.log(`Harga Barang = ${hrgBarang}`);\n});\n_Barang.default.clickBarang();\n_detailBarang.default.checkNamaBarang().then(data => {\n  expect(data.trim()).equal(nmBarang);\n});\n_detailBarang.default.checkHrgBarang().then(data => {\n  expect(data.trim()).equal(hrgBarang);\n});\n// cy.then((data) => {\n//     cy.wrap(data).as('expectedData')\n//     cy.get('@expectedData')\n// })",
              "err": {},
              "uuid": "e1de996d-7c89-40cb-aedc-90235981da4f",
              "parentUUID": "8ea9d107-0fe1-481f-8d6a-3ca75dff73a0",
              "isHook": false,
              "skipped": false
            }
          ],
          "suites": [],
          "passes": [
            "e1de996d-7c89-40cb-aedc-90235981da4f"
          ],
          "failures": [],
          "pending": [],
          "skipped": [],
          "duration": 22855,
          "root": false,
          "rootEmpty": false,
          "_timeout": 2000
        }
      ],
      "passes": [],
      "failures": [],
      "pending": [],
      "skipped": [],
      "duration": 0,
      "root": true,
      "rootEmpty": true,
      "_timeout": 2000
    },
    {
      "uuid": "af13ae01-e427-43b8-9a12-051a7617654b",
      "title": "",
      "fullFile": "cypress/e2e/youtube/youtube.cy.js",
      "file": "cypress/e2e/youtube/youtube.cy.js",
      "beforeHooks": [],
      "afterHooks": [],
      "tests": [],
      "suites": [
        {
          "uuid": "ce1d4dad-e5c3-40d9-9a8d-815c2820dd4f",
          "title": "E2E Automation Cari Trending Video di Youtube",
          "fullFile": "",
          "file": "",
          "beforeHooks": [],
          "afterHooks": [],
          "tests": [
            {
              "title": "Search Video Trending on Youtube",
              "fullTitle": "E2E Automation Cari Trending Video di Youtube Search Video Trending on Youtube",
              "timedOut": null,
              "duration": 23258,
              "state": "passed",
              "speed": "slow",
              "pass": true,
              "fail": false,
              "pending": false,
              "context": null,
              "code": "let lang = Cypress.env('LANGUAGE') || 'en';\nconst messages = Cypress.env('labelYoutube');\nlet judulFilm, channel;\ncy.visitYoutube();\n_homePage.default.getLangYoutube().then(langAttr => {\n  cy.log(`Language Default : ${langAttr}`);\n  lang = langAttr === \"id-ID\" ? \"id\" : \"en\";\n});\ncy.then(() => {\n  _homePage.default.goToTrendingMenu(messages[lang].explore);\n  _homePage.default.goToMoviesTab(messages[lang].movie);\n  // Get Judul Film\n  _trendingListPage.default.getJudulFilm().then(judul => {\n    judulFilm = judul;\n  });\n  // Get Channel\n  _trendingListPage.default.getChannelYoutube().then(src => {\n    channel = src;\n  });\n  cy.then(() => {\n    cy.log(`Judul Film : ${judulFilm}`);\n    cy.log(`Channel Name : ${channel}`);\n    _trendingListPage.default.clickMovies();\n    cy.wait(10000);\n    _moviePage.default.getMovieTitle(judulFilm);\n    _moviePage.default.getMovieChannel(channel);\n    _moviePage.default.clickShareAndCopy(messages[lang].share);\n    _moviePage.default.getLinkUrl().then(link => {\n      cy.log(`Link Url : ${link}`);\n    });\n  });\n});",
              "err": {},
              "uuid": "506ce35a-5fdb-4359-9aa9-ecc00e766c78",
              "parentUUID": "ce1d4dad-e5c3-40d9-9a8d-815c2820dd4f",
              "isHook": false,
              "skipped": false
            }
          ],
          "suites": [],
          "passes": [
            "506ce35a-5fdb-4359-9aa9-ecc00e766c78"
          ],
          "failures": [],
          "pending": [],
          "skipped": [],
          "duration": 23258,
          "root": false,
          "rootEmpty": false,
          "_timeout": 2000
        }
      ],
      "passes": [],
      "failures": [],
      "pending": [],
      "skipped": [],
      "duration": 0,
      "root": true,
      "rootEmpty": true,
      "_timeout": 2000
    }
  ],
  "meta": {
    "mocha": {
      "version": "7.2.0"
    },
    "mochawesome": {
      "options": {
        "quiet": false,
        "reportFilename": "mochawesome",
        "saveHtml": true,
        "saveJson": true,
        "consoleReporter": "spec",
        "useInlineDiffs": false,
        "code": true
      },
      "version": "7.1.3"
    },
    "marge": {
      "options": {
        "reportDir": "cypress/reports/mochawesome-report",
        "overwrite": true,
        "html": true,
        "json": true,
        "timestamp": "mmddyyyy_HHMMss"
      },
      "version": "6.2.0"
    }
  }
}