{
  "stats": {
    "suites": 1,
    "tests": 1,
    "passes": 1,
    "pending": 0,
    "failures": 0,
    "start": "2025-05-28T15:42:27.778Z",
    "end": "2025-05-28T15:42:48.431Z",
    "duration": 20653,
    "testsRegistered": 1,
    "passPercent": 100,
    "pendingPercent": 0,
    "other": 0,
    "hasOther": false,
    "skipped": 0,
    "hasSkipped": false
  },
  "results": [
    {
      "uuid": "f0e6ee8b-a94f-4fcb-aed4-b896f9de9cb0",
      "title": "",
      "fullFile": "cypress/e2e/amazon/amazon.cy.js",
      "file": "cypress/e2e/amazon/amazon.cy.js",
      "beforeHooks": [],
      "afterHooks": [],
      "tests": [],
      "suites": [
        {
          "uuid": "16fe519a-1135-48be-8580-066cadfa228b",
          "title": "E2E Automation Cari Kursi di Amazon",
          "fullFile": "",
          "file": "",
          "beforeHooks": [],
          "afterHooks": [],
          "tests": [
            {
              "title": "Cari Kursi di Amazon",
              "fullTitle": "E2E Automation Cari Kursi di Amazon Cari Kursi di Amazon",
              "timedOut": null,
              "duration": 18033,
              "state": "passed",
              "speed": "slow",
              "pass": true,
              "fail": false,
              "pending": false,
              "context": null,
              "code": "cy.visitAmazon();\ncy.wait(5000);\ncy.scrollTo(\"top\");\n_cariBarang.default.typeKeyword('chair');\ncy.wait(1000);\n_cariBarang.default.removeDismissPopUp();\n_pilihSortDropdown.default.selectPriceDesc();\ncy.wait(3000);\n_Barang.default.getTotalData().then($val => {\n  totalData = $val.length;\n  cy.log(`Banyaknya data = ${totalData}`);\n});\n_Barang.default.getNamaBarang().then(data => {\n  nmBarang = data;\n  cy.log(`Nama Barang = ${nmBarang}`);\n});\n_Barang.default.getHargaBarang().then(data => {\n  hrgBarang = data;\n  cy.log(`Harga Barang = ${hrgBarang}`);\n});\n_Barang.default.clickBarang();\n_detailBarang.default.checkNamaBarang().then(data => {\n  expect(data.trim()).equal(nmBarang);\n});\n_detailBarang.default.checkHrgBarang().then(data => {\n  expect(data.trim()).equal(hrgBarang);\n});\n// cy.then((data) => {\n//     cy.wrap(data).as('expectedData')\n//     cy.get('@expectedData')\n// })",
              "err": {},
              "uuid": "cc12e6b7-143e-4b11-9abe-2cfad0e6893a",
              "parentUUID": "16fe519a-1135-48be-8580-066cadfa228b",
              "isHook": false,
              "skipped": false
            }
          ],
          "suites": [],
          "passes": [
            "cc12e6b7-143e-4b11-9abe-2cfad0e6893a"
          ],
          "failures": [],
          "pending": [],
          "skipped": [],
          "duration": 18033,
          "root": false,
          "rootEmpty": false,
          "_timeout": 2000
        }
      ],
      "passes": [],
      "failures": [],
      "pending": [],
      "skipped": [],
      "duration": 0,
      "root": true,
      "rootEmpty": true,
      "_timeout": 2000
    }
  ],
  "meta": {
    "mocha": {
      "version": "7.2.0"
    },
    "mochawesome": {
      "options": {
        "quiet": false,
        "reportFilename": "mochawesome",
        "saveHtml": true,
        "saveJson": true,
        "consoleReporter": "spec",
        "useInlineDiffs": false,
        "code": true
      },
      "version": "7.1.3"
    },
    "marge": {
      "options": {
        "reportDir": "cypress/reports/mochawesome-report",
        "overwrite": true,
        "html": true,
        "json": true,
        "timestamp": "mmddyyyy_HHMMss"
      },
      "version": "6.2.0"
    }
  }
}