{
  "stats": {
    "suites": 1,
    "tests": 1,
    "passes": 1,
    "pending": 0,
    "failures": 0,
    "start": "2025-05-28T15:51:08.766Z",
    "end": "2025-05-28T15:51:33.135Z",
    "duration": 24369,
    "testsRegistered": 1,
    "passPercent": 100,
    "pendingPercent": 0,
    "other": 0,
    "hasOther": false,
    "skipped": 0,
    "hasSkipped": false
  },
  "results": [
    {
      "uuid": "dd5b4e36-f499-4b92-824e-d1ea94433b1a",
      "title": "",
      "fullFile": "cypress/e2e/youtube/youtube.cy.js",
      "file": "cypress/e2e/youtube/youtube.cy.js",
      "beforeHooks": [],
      "afterHooks": [],
      "tests": [],
      "suites": [
        {
          "uuid": "68e3c1d3-3cae-41d7-935d-52d66a92fc2b",
          "title": "E2E Automation Cari Trending Video di Youtube",
          "fullFile": "",
          "file": "",
          "beforeHooks": [],
          "afterHooks": [],
          "tests": [
            {
              "title": "Search Video Trending on Youtube",
              "fullTitle": "E2E Automation Cari Trending Video di Youtube Search Video Trending on Youtube",
              "timedOut": null,
              "duration": 23078,
              "state": "passed",
              "speed": "slow",
              "pass": true,
              "fail": false,
              "pending": false,
              "context": null,
              "code": "let lang = Cypress.env('LANGUAGE') || 'en';\nconst messages = Cypress.env('labelYoutube');\nlet judulFilm, channel;\ncy.visitYoutube();\n_homePage.default.getLangYoutube().then(langAttr => {\n  cy.log(`Language Default : ${langAttr}`);\n  lang = langAttr === \"id-ID\" ? \"id\" : \"en\";\n});\ncy.then(() => {\n  _homePage.default.goToTrendingMenu(messages[lang].explore);\n  _homePage.default.goToMoviesTab(messages[lang].movie);\n  // Get Judul Film\n  _trendingListPage.default.getJudulFilm().then(judul => {\n    judulFilm = judul;\n  });\n  // Get Channel\n  _trendingListPage.default.getChannelYoutube().then(src => {\n    channel = src;\n  });\n  cy.then(() => {\n    cy.log(`Judul Film : ${judulFilm}`);\n    cy.log(`Channel Name : ${channel}`);\n    _trendingListPage.default.clickMovies();\n    cy.wait(10000);\n    _moviePage.default.getMovieTitle(judulFilm);\n    _moviePage.default.getMovieChannel(channel);\n    _moviePage.default.clickShareAndCopy(messages[lang].share);\n    _moviePage.default.getLinkUrl().then(link => {\n      cy.log(`Link Url : ${link}`);\n    });\n  });\n});",
              "err": {},
              "uuid": "cc19a261-c139-44d9-b3c0-71eed92f2a69",
              "parentUUID": "68e3c1d3-3cae-41d7-935d-52d66a92fc2b",
              "isHook": false,
              "skipped": false
            }
          ],
          "suites": [],
          "passes": [
            "cc19a261-c139-44d9-b3c0-71eed92f2a69"
          ],
          "failures": [],
          "pending": [],
          "skipped": [],
          "duration": 23078,
          "root": false,
          "rootEmpty": false,
          "_timeout": 2000
        }
      ],
      "passes": [],
      "failures": [],
      "pending": [],
      "skipped": [],
      "duration": 0,
      "root": true,
      "rootEmpty": true,
      "_timeout": 2000
    }
  ],
  "meta": {
    "mocha": {
      "version": "7.2.0"
    },
    "mochawesome": {
      "options": {
        "quiet": false,
        "reportFilename": "mochawesome",
        "saveHtml": true,
        "saveJson": true,
        "consoleReporter": "spec",
        "useInlineDiffs": false,
        "code": true
      },
      "version": "7.1.3"
    },
    "marge": {
      "options": {
        "reportDir": "cypress/reports/mochawesome-report",
        "overwrite": true,
        "html": true,
        "json": true,
        "timestamp": "mmddyyyy_HHMMss"
      },
      "version": "6.2.0"
    }
  }
}