{
  "stats": {
    "suites": 1,
    "tests": 1,
    "passes": 1,
    "pending": 0,
    "failures": 0,
    "start": "2025-05-28T06:32:23.122Z",
    "end": "2025-05-28T06:32:27.994Z",
    "duration": 4872,
    "testsRegistered": 1,
    "passPercent": 100,
    "pendingPercent": 0,
    "other": 0,
    "hasOther": false,
    "skipped": 0,
    "hasSkipped": false
  },
  "results": [
    {
      "uuid": "24dbf0ab-1882-4caa-9116-46db5dce6568",
      "title": "",
      "fullFile": "cypress/e2e/agoda/agoda.cy.js",
      "file": "cypress/e2e/agoda/agoda.cy.js",
      "beforeHooks": [],
      "afterHooks": [],
      "tests": [],
      "suites": [
        {
          "uuid": "77209cd1-7bcd-4e7a-bac8-d4b85af24739",
          "title": "E2E Automation Cari Tiket di Agoda",
          "fullFile": "",
          "file": "",
          "beforeHooks": [],
          "afterHooks": [],
          "tests": [
            {
              "title": "Buka Web Agoda",
              "fullTitle": "E2E Automation Cari Tiket di Agoda Buka Web Agoda",
              "timedOut": null,
              "duration": 3064,
              "state": "passed",
              "speed": "fast",
              "pass": true,
              "fail": false,
              "pending": false,
              "context": null,
              "code": "cy.visitAgoda();",
              "err": {},
              "uuid": "ee9875fe-8c30-4c55-b746-5d9292f9c86d",
              "parentUUID": "77209cd1-7bcd-4e7a-bac8-d4b85af24739",
              "isHook": false,
              "skipped": false
            }
          ],
          "suites": [],
          "passes": [
            "ee9875fe-8c30-4c55-b746-5d9292f9c86d"
          ],
          "failures": [],
          "pending": [],
          "skipped": [],
          "duration": 3064,
          "root": false,
          "rootEmpty": false,
          "_timeout": 2000
        }
      ],
      "passes": [],
      "failures": [],
      "pending": [],
      "skipped": [],
      "duration": 0,
      "root": true,
      "rootEmpty": true,
      "_timeout": 2000
    }
  ],
  "meta": {
    "mocha": {
      "version": "7.2.0"
    },
    "mochawesome": {
      "options": {
        "quiet": false,
        "reportFilename": "mochawesome",
        "saveHtml": true,
        "saveJson": true,
        "consoleReporter": "spec",
        "useInlineDiffs": false,
        "code": true
      },
      "version": "7.1.3"
    },
    "marge": {
      "options": {
        "reportDir": "cypress/reports/mochawesome-report",
        "overwrite": true,
        "html": true,
        "json": true,
        "timestamp": "mmddyyyy_HHMMss"
      },
      "version": "6.2.0"
    }
  }
}