{
  "stats": {
    "suites": 1,
    "tests": 1,
    "passes": 0,
    "pending": 0,
    "failures": 1,
    "start": "2025-05-28T06:32:30.978Z",
    "end": "2025-05-28T06:32:47.359Z",
    "duration": 16381,
    "testsRegistered": 1,
    "passPercent": 0,
    "pendingPercent": 0,
    "other": 0,
    "hasOther": false,
    "skipped": 0,
    "hasSkipped": false
  },
  "results": [
    {
      "uuid": "215e85e3-a39d-426e-80aa-35885e1054c9",
      "title": "",
      "fullFile": "cypress/e2e/amazon/amazon.cy.js",
      "file": "cypress/e2e/amazon/amazon.cy.js",
      "beforeHooks": [],
      "afterHooks": [],
      "tests": [],
      "suites": [
        {
          "uuid": "82810fe4-d2c9-44b7-8215-149c08c5d24e",
          "title": "E2E Automation Cari Kursi di Amazon",
          "fullFile": "",
          "file": "",
          "beforeHooks": [],
          "afterHooks": [],
          "tests": [
            {
              "title": "Cari Kursi di Amazon",
              "fullTitle": "E2E Automation Cari Kursi di Amazon Cari Kursi di Amazon",
              "timedOut": null,
              "duration": 13843,
              "state": "failed",
              "speed": null,
              "pass": false,
              "fail": true,
              "pending": false,
              "context": null,
              "code": "cy.visitAmazon();\ncy.wait(5000);\ncy.xpath(`//form[@id=\"nav-search-bar-form\"]//input[@id=\"twotabsearchtextbox\"]`).clear().type('chair');\ncy.get('#nav-flyout-searchAjax').should('be.visible');\ncy.wait(1000);\ncy.xpath(`//input[@type=\"submit\"][@id=\"nav-search-submit-button\"]`).click();\ncy.xpath(`//form[@class=\"aok-inline-block a-spacing-none\"]//select[@id=\"s-result-sort-select\"]`).select({\n  force: true\n});",
              "err": {
                "message": "CypressError: `cy.select()` must be passed a string, number, or array as its 1st argument. You passed: `{\"force\":true}`.\n\nhttps://on.cypress.io/select",
                "estack": "CypressError: `cy.select()` must be passed a string, number, or array as its 1st argument. You passed: `{\"force\":true}`.\n\nhttps://on.cypress.io/select\n    at Context.select (https://www.amazon.com/__cypress/runner/cypress_runner.js:115123:70)\n    at wrapped (https://www.amazon.com/__cypress/runner/cypress_runner.js:141133:19)\n    at <unknown> (https://www.amazon.com/__cypress/runner/cypress_runner.js:147078:15)\n    at tryCatcher (https://www.amazon.com/__cypress/runner/cypress_runner.js:1777:23)\n    at Promise._settlePromiseFromHandler (https://www.amazon.com/__cypress/runner/cypress_runner.js:1489:31)\n    at Promise._settlePromise (https://www.amazon.com/__cypress/runner/cypress_runner.js:1546:18)\n    at Promise._settlePromiseCtx (https://www.amazon.com/__cypress/runner/cypress_runner.js:1583:10)\n    at _drainQueueStep (https://www.amazon.com/__cypress/runner/cypress_runner.js:2381:12)\n    at _drainQueue (https://www.amazon.com/__cypress/runner/cypress_runner.js:2370:9)\n    at Async._drainQueues (https://www.amazon.com/__cypress/runner/cypress_runner.js:2386:5)\n    at Async.drainQueues (https://www.amazon.com/__cypress/runner/cypress_runner.js:2256:14)",
                "diff": null
              },
              "uuid": "ddec7a23-e4d5-485b-a4de-a4608b31b47e",
              "parentUUID": "82810fe4-d2c9-44b7-8215-149c08c5d24e",
              "isHook": false,
              "skipped": false
            }
          ],
          "suites": [],
          "passes": [],
          "failures": [
            "ddec7a23-e4d5-485b-a4de-a4608b31b47e"
          ],
          "pending": [],
          "skipped": [],
          "duration": 13843,
          "root": false,
          "rootEmpty": false,
          "_timeout": 2000
        }
      ],
      "passes": [],
      "failures": [],
      "pending": [],
      "skipped": [],
      "duration": 0,
      "root": true,
      "rootEmpty": true,
      "_timeout": 2000
    }
  ],
  "meta": {
    "mocha": {
      "version": "7.2.0"
    },
    "mochawesome": {
      "options": {
        "quiet": false,
        "reportFilename": "mochawesome",
        "saveHtml": true,
        "saveJson": true,
        "consoleReporter": "spec",
        "useInlineDiffs": false,
        "code": true
      },
      "version": "7.1.3"
    },
    "marge": {
      "options": {
        "reportDir": "cypress/reports/mochawesome-report",
        "overwrite": true,
        "html": true,
        "json": true,
        "timestamp": "mmddyyyy_HHMMss"
      },
      "version": "6.2.0"
    }
  }
}