{
  "stats": {
    "suites": 1,
    "tests": 1,
    "passes": 1,
    "pending": 0,
    "failures": 0,
    "start": "2025-05-28T15:50:30.654Z",
    "end": "2025-05-28T15:50:40.195Z",
    "duration": 9541,
    "testsRegistered": 1,
    "passPercent": 100,
    "pendingPercent": 0,
    "other": 0,
    "hasOther": false,
    "skipped": 0,
    "hasSkipped": false
  },
  "results": [
    {
      "uuid": "390c6554-31d0-4bf8-b568-0cc6bce3f53a",
      "title": "",
      "fullFile": "cypress/e2e/agoda/agoda.cy.js",
      "file": "cypress/e2e/agoda/agoda.cy.js",
      "beforeHooks": [],
      "afterHooks": [],
      "tests": [],
      "suites": [
        {
          "uuid": "3aea074b-70b2-4a9f-91b3-f7f8edf735f2",
          "title": "E2E Automation Cari Tiket di Agoda",
          "fullFile": "",
          "file": "",
          "beforeHooks": [],
          "afterHooks": [],
          "tests": [
            {
              "title": "Buka Web Agoda",
              "fullTitle": "E2E Automation Cari Tiket di Agoda Buka Web Agoda",
              "timedOut": null,
              "duration": 7612,
              "state": "passed",
              "speed": "medium",
              "pass": true,
              "fail": false,
              "pending": false,
              "context": null,
              "code": "cy.visitAgoda();",
              "err": {},
              "uuid": "40780e12-a217-400b-b69b-83e8aea29c28",
              "parentUUID": "3aea074b-70b2-4a9f-91b3-f7f8edf735f2",
              "isHook": false,
              "skipped": false
            }
          ],
          "suites": [],
          "passes": [
            "40780e12-a217-400b-b69b-83e8aea29c28"
          ],
          "failures": [],
          "pending": [],
          "skipped": [],
          "duration": 7612,
          "root": false,
          "rootEmpty": false,
          "_timeout": 2000
        }
      ],
      "passes": [],
      "failures": [],
      "pending": [],
      "skipped": [],
      "duration": 0,
      "root": true,
      "rootEmpty": true,
      "_timeout": 2000
    }
  ],
  "meta": {
    "mocha": {
      "version": "7.2.0"
    },
    "mochawesome": {
      "options": {
        "quiet": false,
        "reportFilename": "mochawesome",
        "saveHtml": true,
        "saveJson": true,
        "consoleReporter": "spec",
        "useInlineDiffs": false,
        "code": true
      },
      "version": "7.1.3"
    },
    "marge": {
      "options": {
        "reportDir": "cypress/reports/mochawesome-report",
        "overwrite": true,
        "html": true,
        "json": true,
        "timestamp": "mmddyyyy_HHMMss"
      },
      "version": "6.2.0"
    }
  }
}