{
  "stats": {
    "suites": 1,
    "tests": 1,
    "passes": 1,
    "pending": 0,
    "failures": 0,
    "start": "2025-05-28T16:10:30.664Z",
    "end": "2025-05-28T16:10:55.432Z",
    "duration": 24768,
    "testsRegistered": 1,
    "passPercent": 100,
    "pendingPercent": 0,
    "other": 0,
    "hasOther": false,
    "skipped": 0,
    "hasSkipped": false
  },
  "results": [
    {
      "uuid": "bc363da2-510d-4aa3-b424-a28de96efaa8",
      "title": "",
      "fullFile": "cypress/e2e/amazon/amazon.cy.js",
      "file": "cypress/e2e/amazon/amazon.cy.js",
      "beforeHooks": [],
      "afterHooks": [],
      "tests": [],
      "suites": [
        {
          "uuid": "8ea9d107-0fe1-481f-8d6a-3ca75dff73a0",
          "title": "E2E Automation Cari Kursi di Amazon",
          "fullFile": "",
          "file": "",
          "beforeHooks": [],
          "afterHooks": [],
          "tests": [
            {
              "title": "Cari Kursi di Amazon",
              "fullTitle": "E2E Automation Cari Kursi di Amazon Cari Kursi di Amazon",
              "timedOut": null,
              "duration": 22855,
              "state": "passed",
              "speed": "slow",
              "pass": true,
              "fail": false,
              "pending": false,
              "context": null,
              "code": "cy.visitAmazon();\ncy.wait(10000);\ncy.scrollTo(\"top\");\n_cariBarang.default.typeKeyword('chair');\ncy.wait(1000);\n// cariBarang.removeDismissPopUp();\n_pilihSortDropdown.default.selectPriceDesc();\ncy.wait(3000);\n_Barang.default.getTotalData().then($val => {\n  totalData = $val.length;\n  cy.log(`Banyaknya data = ${totalData}`);\n});\n_Barang.default.getNamaBarang().then(data => {\n  nmBarang = data;\n  cy.log(`Nama Barang = ${nmBarang}`);\n});\n_Barang.default.getHargaBarang().then(data => {\n  hrgBarang = data;\n  cy.log(`Harga Barang = ${hrgBarang}`);\n});\n_Barang.default.clickBarang();\n_detailBarang.default.checkNamaBarang().then(data => {\n  expect(data.trim()).equal(nmBarang);\n});\n_detailBarang.default.checkHrgBarang().then(data => {\n  expect(data.trim()).equal(hrgBarang);\n});\n// cy.then((data) => {\n//     cy.wrap(data).as('expectedData')\n//     cy.get('@expectedData')\n// })",
              "err": {},
              "uuid": "e1de996d-7c89-40cb-aedc-90235981da4f",
              "parentUUID": "8ea9d107-0fe1-481f-8d6a-3ca75dff73a0",
              "isHook": false,
              "skipped": false
            }
          ],
          "suites": [],
          "passes": [
            "e1de996d-7c89-40cb-aedc-90235981da4f"
          ],
          "failures": [],
          "pending": [],
          "skipped": [],
          "duration": 22855,
          "root": false,
          "rootEmpty": false,
          "_timeout": 2000
        }
      ],
      "passes": [],
      "failures": [],
      "pending": [],
      "skipped": [],
      "duration": 0,
      "root": true,
      "rootEmpty": true,
      "_timeout": 2000
    }
  ],
  "meta": {
    "mocha": {
      "version": "7.2.0"
    },
    "mochawesome": {
      "options": {
        "quiet": false,
        "reportFilename": "mochawesome",
        "saveHtml": true,
        "saveJson": true,
        "consoleReporter": "spec",
        "useInlineDiffs": false,
        "code": true
      },
      "version": "7.1.3"
    },
    "marge": {
      "options": {
        "reportDir": "cypress/reports/mochawesome-report",
        "overwrite": true,
        "html": true,
        "json": true,
        "timestamp": "mmddyyyy_HHMMss"
      },
      "version": "6.2.0"
    }
  }
}