{
  "stats": {
    "suites": 1,
    "tests": 1,
    "passes": 1,
    "pending": 0,
    "failures": 0,
    "start": "2025-05-29T02:08:39.253Z",
    "end": "2025-05-29T02:08:44.244Z",
    "duration": 4991,
    "testsRegistered": 1,
    "passPercent": 100,
    "pendingPercent": 0,
    "other": 0,
    "hasOther": false,
    "skipped": 0,
    "hasSkipped": false
  },
  "results": [
    {
      "uuid": "dd982d43-99cd-4875-8270-5e498d906245",
      "title": "",
      "fullFile": "cypress/e2e/agoda/agoda.cy.js",
      "file": "cypress/e2e/agoda/agoda.cy.js",
      "beforeHooks": [],
      "afterHooks": [],
      "tests": [],
      "suites": [
        {
          "uuid": "3e028a32-d312-489a-91cb-62abbadd3022",
          "title": "E2E Automation Cari Tiket di Agoda",
          "fullFile": "",
          "file": "",
          "beforeHooks": [],
          "afterHooks": [],
          "tests": [
            {
              "title": "Buka Web Agoda",
              "fullTitle": "E2E Automation Cari Tiket di Agoda Buka Web Agoda",
              "timedOut": null,
              "duration": 3210,
              "state": "passed",
              "speed": "fast",
              "pass": true,
              "fail": false,
              "pending": false,
              "context": null,
              "code": "cy.visit(`${Cypress.env(\"agoda\")}`);",
              "err": {},
              "uuid": "5906061c-064f-4dee-ab4a-0505e99c8c9d",
              "parentUUID": "3e028a32-d312-489a-91cb-62abbadd3022",
              "isHook": false,
              "skipped": false
            }
          ],
          "suites": [],
          "passes": [
            "5906061c-064f-4dee-ab4a-0505e99c8c9d"
          ],
          "failures": [],
          "pending": [],
          "skipped": [],
          "duration": 3210,
          "root": false,
          "rootEmpty": false,
          "_timeout": 2000
        }
      ],
      "passes": [],
      "failures": [],
      "pending": [],
      "skipped": [],
      "duration": 0,
      "root": true,
      "rootEmpty": true,
      "_timeout": 2000
    }
  ],
  "meta": {
    "mocha": {
      "version": "7.2.0"
    },
    "mochawesome": {
      "options": {
        "quiet": false,
        "reportFilename": "mochawesome",
        "saveHtml": true,
        "saveJson": true,
        "consoleReporter": "spec",
        "useInlineDiffs": false,
        "code": true
      },
      "version": "7.1.3"
    },
    "marge": {
      "options": {
        "reportDir": "cypress/reports/mochawesome-report",
        "overwrite": true,
        "html": true,
        "json": true,
        "timestamp": "mmddyyyy_HHMMss"
      },
      "version": "6.2.0"
    }
  }
}