{
  "stats": {
    "suites": 3,
    "tests": 3,
    "passes": 3,
    "pending": 0,
    "failures": 0,
    "testsRegistered": 3,
    "passPercent": 100,
    "pendingPercent": 0,
    "other": 0,
    "hasOther": false,
    "skipped": 0,
    "hasSkipped": false,
    "start": "2025-06-03T04:50:05.404Z",
    "end": "2025-06-03T04:52:30.309Z",
    "duration": 144905
  },
  "results": [
    {
      "uuid": "63609f2a-2c54-42df-a078-38e898b4dab7",
      "title": "",
      "fullFile": "cypress/e2e/agoda/agoda.cy.js",
      "file": "cypress/e2e/agoda/agoda.cy.js",
      "beforeHooks": [],
      "afterHooks": [],
      "tests": [],
      "suites": [
        {
          "uuid": "8a914819-9c83-472e-83fd-96014d8a2c84",
          "title": "E2E Automation Cari Tiket di Agoda",
          "fullFile": "",
          "file": "",
          "beforeHooks": [],
          "afterHooks": [],
          "tests": [
            {
              "title": "Pesan Tiket dari Jakarta ke Singapura dengan Malaysia Airlines",
              "fullTitle": "E2E Automation Cari Tiket di Agoda Pesan Tiket dari Jakarta ke Singapura dengan Malaysia Airlines",
              "timedOut": null,
              "duration": 65972,
              "state": "passed",
              "speed": "slow",
              "pass": true,
              "fail": false,
              "pending": false,
              "context": null,
              "code": "cy.visit(`${input.url}`);\n_destinationPlan.default.clickFlightTab();\ncy.wait(5000);\n// Flying From\n_destinationPlan.default.flyingFrom(input.cityFrom, input.departureAirport, input.departureFrom);\n// Flying To\n_destinationPlan.default.flyingTo(input.cityArrival, input.arrivalAirport, input.arrivalTo);\n// cy.xpath(`//div[@class=\"DayPicker-Months DayPicker-Months-Wide\"]/div[1]`).should('have.contain',`${monthNow}`);\ncy.xpath(`//span[@data-selenium-date='${nextDayDate.toFormat(\"yyyy-MM-dd\")}']`).click({\n  multiple: true\n});\n_destinationPlan.default.dateSelectorTitle().then(val => {\n  expect(val).to.be.equal(`${nextDayDate.day} ${nextDayDate.monthShort} ${nextDayDate.year}`);\n});\n_destinationPlan.default.dateSelectorDesc().then(val => {\n  expect(val).to.be.equal(`${nextDayDate.toFormat(\"ccc\")}, ${nextDayDate.day} ${nextDayDate.monthShort} ${nextDayDate.year}`);\n});\n_destinationPlan.default.checkCabin(input.passenger, input.cabinType);\n_destinationPlan.default.clickSearchFlights();\ncy.wait(3000);\n_cariPesawat.default.cekListUrl(input.departureFrom, input.arrivalTo, nextDayDate.toFormat(\"yyyy-MM-dd\"), input.cabinType, input.passenger);\n_cariPesawat.default.selectMalaysiaAirlines();\n_cariPesawat.default.clickSortByDropdown;\ncy.xpath(`//div[@data-testid=\"departure-time\"]//h3`).each($ele => {\n  dataDepTime.push($ele.text());\n}).then(() => {\n  const setDepTime = new Set(dataDepTime);\n  timeList = Array.from(setDepTime);\n});\n_cariPesawat.default.clickListMalaysiaAirlines(timeList[0]);\ncy.wait(3000);\n// Contact Details\n_fillData.default.fillContactDetails(input.contactDetails.firstName, input.contactDetails.lastName, input.contactDetails.email, input.contactDetails.phone, input.contactDetails.nationality);\n// Passengers\n_fillData.default.fillPassengerDetails(gender, input.contactDetails.firstName, input.contactDetails.middleName, input.contactDetails.lastName, input.contactDetails.nationality, input.contactDetails.passportNumber);\ncy.wait(2000);\ncy.xpath(`//button[@data-component=\"flight-continue-to-addOns-button\"]`).click({\n  force: true\n});\n// cy.xpath(`//div[@role=\"radio\"][@data-testid=\"radio-button-option-no\"]/div/div/img[1]`).click();\ncy.contains(`[data-testid=\"radio-button-option-no\"]`, `No, thanks, I’ll risk it.`).click();\ncy.xpath(`//button[@type=\"submit\" and @data-testid=\"continue-to-payment-button\"]`).click();\ncy.wait(2000);\ncy.xpath(`//button[@data-element-name=\"decline-button\"]`).click({\n  force: true\n});\ncy.wait(5000);\ncy.xpath(`//span/a[@data-testid=\"toggle-text-component\"]`).should('be.visible').click({\n  force: true\n});\n_cekData.default.cekNameContact(input.contactDetails.firstName, input.contactDetails.lastName);\n_cekData.default.cekEmailContact(input.contactDetails.email);\n_cekData.default.cekPhoneContact(input.contactDetails.phone);\n_cekData.default.cekPassengerName(input.contactDetails.firstName, input.contactDetails.middleName, input.contactDetails.lastName);\ncy.get(\"@getTotalPrice\").then(totalPrice => {\n  cy.xpath(`//div[@data-component=\"breakdownlist-2\"]//dd[@data-component=\"mob-flight-price-total-desc\"]/span`).should('be.visible').and('have.text', totalPrice);\n});\ncy.get(\"@getDepartureTime\").then(departureTime => {\n  cy.xpath(`//span[@data-component=\"mob-flight-segment-departure\"][@data-value=\"${departureTime}\"]`).should('have.text', `${departureTime}`);\n});\ncy.get(\"@getArrivalTime\").then(arrivalTime => {\n  cy.xpath(`//span[@data-component=\"mob-flight-segment-arrival\"][@data-value=\"${arrivalTime}\"]`).should('have.text', `${arrivalTime}`);\n});",
              "err": {},
              "uuid": "726da37c-394c-4df2-9dfb-890b9efe9421",
              "parentUUID": "8a914819-9c83-472e-83fd-96014d8a2c84",
              "isHook": false,
              "skipped": false
            }
          ],
          "suites": [],
          "passes": [
            "726da37c-394c-4df2-9dfb-890b9efe9421"
          ],
          "failures": [],
          "pending": [],
          "skipped": [],
          "duration": 65972,
          "root": false,
          "rootEmpty": false,
          "_timeout": 2000
        }
      ],
      "passes": [],
      "failures": [],
      "pending": [],
      "skipped": [],
      "duration": 0,
      "root": true,
      "rootEmpty": true,
      "_timeout": 2000
    },
    {
      "uuid": "8431716b-dd35-43e2-80cd-5969b32f0a90",
      "title": "",
      "fullFile": "cypress/e2e/amazon/amazon.cy.js",
      "file": "cypress/e2e/amazon/amazon.cy.js",
      "beforeHooks": [],
      "afterHooks": [],
      "tests": [],
      "suites": [
        {
          "uuid": "eeffca30-32fa-4ecf-b1ff-8ead51c26de6",
          "title": "E2E Automation Cari Kursi di Amazon",
          "fullFile": "",
          "file": "",
          "beforeHooks": [],
          "afterHooks": [],
          "tests": [
            {
              "title": "Cari Kursi di Amazon",
              "fullTitle": "E2E Automation Cari Kursi di Amazon Cari Kursi di Amazon",
              "timedOut": null,
              "duration": 47569,
              "state": "passed",
              "speed": "slow",
              "pass": true,
              "fail": false,
              "pending": false,
              "context": null,
              "code": "cy.visit(`${input.url}`);\ncy.wait(8000);\ncy.scrollTo(\"top\");\n_cariBarang.default.typeKeyword(`${input.typeKeyword}`);\ncy.wait(1000);\n_pilihSortDropdown.default.selectPriceDesc();\ncy.wait(3000);\n_Barang.default.getTotalData().then($val => {\n  totalData = $val.length;\n  cy.log(`Banyaknya data = ${totalData}`);\n});\n_Barang.default.getNamaBarang().then(data => {\n  nmBarang = data;\n  cy.log(`Nama Barang = ${nmBarang}`);\n});\n_Barang.default.getHargaBarang().then(data => {\n  hrgBarang = data;\n  cy.log(`Harga Barang = ${hrgBarang}`);\n});\n_Barang.default.clickBarang();\n_detailBarang.default.checkNamaBarang().then(data => {\n  expect(data.trim()).equal(nmBarang);\n});\n_detailBarang.default.checkHrgBarang().then(data => {\n  expect(data.trim()).equal(hrgBarang);\n});\n// cy.then((data) => {\n//     cy.wrap(data).as('expectedData')\n//     cy.get('@expectedData')\n// })",
              "err": {},
              "uuid": "0deb8df4-4da5-4933-9bef-b041ff1d1696",
              "parentUUID": "eeffca30-32fa-4ecf-b1ff-8ead51c26de6",
              "isHook": false,
              "skipped": false
            }
          ],
          "suites": [],
          "passes": [
            "0deb8df4-4da5-4933-9bef-b041ff1d1696"
          ],
          "failures": [],
          "pending": [],
          "skipped": [],
          "duration": 47569,
          "root": false,
          "rootEmpty": false,
          "_timeout": 2000
        }
      ],
      "passes": [],
      "failures": [],
      "pending": [],
      "skipped": [],
      "duration": 0,
      "root": true,
      "rootEmpty": true,
      "_timeout": 2000
    },
    {
      "uuid": "f1167dee-56f1-495f-bbe5-9ab28073d4e4",
      "title": "",
      "fullFile": "cypress/e2e/youtube/youtube.cy.js",
      "file": "cypress/e2e/youtube/youtube.cy.js",
      "beforeHooks": [],
      "afterHooks": [],
      "tests": [],
      "suites": [
        {
          "uuid": "4b4b252f-6110-42f0-b962-0b603d82d584",
          "title": "E2E Automation Cari Trending Video di Youtube",
          "fullFile": "",
          "file": "",
          "beforeHooks": [],
          "afterHooks": [],
          "tests": [
            {
              "title": "Search Video Trending on Youtube",
              "fullTitle": "E2E Automation Cari Trending Video di Youtube Search Video Trending on Youtube",
              "timedOut": null,
              "duration": 23286,
              "state": "passed",
              "speed": "slow",
              "pass": true,
              "fail": false,
              "pending": false,
              "context": null,
              "code": "cy.visit(`${input.url}`);\n_homePage.default.getLangYoutube().then(langAttr => {\n  cy.log(`Language Default : ${langAttr}`);\n  lang = langAttr === \"id-ID\" ? \"id\" : \"en\";\n});\ncy.then(() => {\n  _homePage.default.goToTrendingMenu(input[lang].explore);\n  _homePage.default.goToMoviesTab(input[lang].movie);\n  // Get Judul Film\n  _trendingListPage.default.getJudulFilm().then(judul => {\n    judulFilm = judul;\n  });\n  // Get Channel\n  _trendingListPage.default.getChannelYoutube().then(src => {\n    channel = src;\n  });\n  cy.then(() => {\n    cy.log(`Judul Film : ${judulFilm}`);\n    cy.log(`Channel Name : ${channel}`);\n    _trendingListPage.default.clickMovies();\n    cy.wait(10000);\n    _moviePage.default.getMovieTitle(judulFilm);\n    _moviePage.default.getMovieChannel(channel);\n    _moviePage.default.clickShareAndCopy(input[lang].share);\n    _moviePage.default.getLinkUrl().then(link => {\n      cy.log(`Link Url : ${link}`);\n    });\n  });\n});",
              "err": {},
              "uuid": "fbb48587-743f-4220-b117-dfb8d8c21e31",
              "parentUUID": "4b4b252f-6110-42f0-b962-0b603d82d584",
              "isHook": false,
              "skipped": false
            }
          ],
          "suites": [],
          "passes": [
            "fbb48587-743f-4220-b117-dfb8d8c21e31"
          ],
          "failures": [],
          "pending": [],
          "skipped": [],
          "duration": 23286,
          "root": false,
          "rootEmpty": false,
          "_timeout": 2000
        }
      ],
      "passes": [],
      "failures": [],
      "pending": [],
      "skipped": [],
      "duration": 0,
      "root": true,
      "rootEmpty": true,
      "_timeout": 2000
    }
  ],
  "meta": {
    "mocha": {
      "version": "7.2.0"
    },
    "mochawesome": {
      "options": {
        "quiet": false,
        "reportFilename": "mochawesome",
        "saveHtml": true,
        "saveJson": true,
        "consoleReporter": "spec",
        "useInlineDiffs": false,
        "code": true
      },
      "version": "7.1.3"
    },
    "marge": {
      "options": {
        "reportDir": "cypress/reports/mochawesome-report",
        "overwrite": false,
        "html": true,
        "json": true,
        "timestamp": "mmddyyyy_HHMMss"
      },
      "version": "6.2.0"
    }
  }
}