{
  "stats": {
    "suites": 3,
    "tests": 3,
    "passes": 3,
    "pending": 0,
    "failures": 0,
    "testsRegistered": 3,
    "passPercent": 100,
    "pendingPercent": 0,
    "other": 0,
    "hasOther": false,
    "skipped": 0,
    "hasSkipped": false,
    "start": "2025-05-30T14:32:53.627Z",
    "end": "2025-05-30T14:34:06.342Z",
    "duration": 72715
  },
  "results": [
    {
      "uuid": "591f7bbc-63c3-418f-9e24-96b8a256b077",
      "title": "",
      "fullFile": "cypress/e2e/agoda/agoda.cy.js",
      "file": "cypress/e2e/agoda/agoda.cy.js",
      "beforeHooks": [],
      "afterHooks": [],
      "tests": [],
      "suites": [
        {
          "uuid": "5e7dc32c-24e7-4e3c-a5c5-61d5411d2e1c",
          "title": "E2E Automation Cari Tiket di Agoda",
          "fullFile": "",
          "file": "",
          "beforeHooks": [],
          "afterHooks": [],
          "tests": [
            {
              "title": "Pesan Tiket dari Jakarta ke Singapura dengan Malaysia Airlines",
              "fullTitle": "E2E Automation Cari Tiket di Agoda Pesan Tiket dari Jakarta ke Singapura dengan Malaysia Airlines",
              "timedOut": null,
              "duration": 16082,
              "state": "passed",
              "speed": "slow",
              "pass": true,
              "fail": false,
              "pending": false,
              "context": null,
              "code": "cy.visit(`${Cypress.env(\"agoda\")}`);\ncy.xpath(`//li[@id=\"tab-flight-tab\"]`).click({\n  multiple: true\n});\ncy.url().should('include', '#flights');\ncy.wait(5000);\n// Flying From\ncy.get(`#flight-origin-search-input`).click().clear().type(`${cityFrom}`);\ncy.xpath(`//li[@data-objectid=\"${departureFrom}\"]`).click({\n  multiple: true\n});\n// cy.wait(1000);\ncy.get(`#flight-origin-search-input`).invoke('val').then(val => {\n  expect(val).not.to.be.empty;\n  expect(val).to.equal(`${cityFrom} (${departureFrom})`);\n});\ncy.wait(5000);\n// Flying To\ncy.get(`#flight-destination-search-input`).click().clear().type(`${cityArrival}`);\ncy.xpath(`//li[@data-objectid=\"${arrivalTo}\"]`).click({\n  multiple: true\n});\n// cy.wait(1000);\ncy.get(`#flight-destination-search-input`).invoke('val').then(val => {\n  expect(val).not.to.be.empty;\n  expect(val).to.equal(`${cityArrival} (${arrivalTo})`);\n});\n// cy.xpath(`//div[@class=\"DayPicker-Months DayPicker-Months-Wide\"]/div[1]`).should('have.contain',`${monthNow}`);\ncy.xpath(`//span[@data-selenium-date='${nextDay.toFormat(\"yyyy-MM-dd\")}']`).click({\n  force: true\n});\ncy.get('[data-selenium=\"date-selector-title\"]').invoke('text').then(val => {\n  expect(val).to.be.equal(`${nextDay.toFormat(\"dd MMMM yyyy\")}`);\n});\ncy.get('[data-selenium=\"date-selector-desc\"]').invoke('text').then(val => {\n  expect(val).to.be.equal(`${nextDay.toFormat(\"ccc, dd MMMM yyyy\")}`);\n});\ncy.xpath(`//div[@class=\"FlightSearchOccupancy\"]//button[@data-element-object-id=\"economy\"]`).click({\n  force: true\n});\ncy.get('[data-element-name=\"flight-occupancy\"]').should('have.text', `${passenger} Passenger, ${cabinType}`).click({\n  multiple: true\n});\ncy.get('[data-test=\"SearchButtonBox\"]').should('have.contain', 'SEARCH FLIGHTS').click({\n  multiple: true\n});\ncy.url().should('include', `departureFrom=${departureFrom}`).and('include', `arrivalTo=${arrivalTo}`).and('include', `departDate=${nextDay.toFormat(\"yyyy-MM-dd\")}`).and('include', `cabinType=${cabinType}`).and('include', `adults=${passenger}`);\n// cy.then(() => {\n//     // if(today.month === nextDay.month){\n//     // }else{    \n//     //     cy.xpath(`//div[@class=\"DayPicker-Months DayPicker-Months-Wide\"]/div[2]`).should('have.contain',`${monthNext}`);\n//     // }    \n// });",
              "err": {},
              "uuid": "06e4380a-875f-447f-a8b6-f2a2622ab496",
              "parentUUID": "5e7dc32c-24e7-4e3c-a5c5-61d5411d2e1c",
              "isHook": false,
              "skipped": false
            }
          ],
          "suites": [],
          "passes": [
            "06e4380a-875f-447f-a8b6-f2a2622ab496"
          ],
          "failures": [],
          "pending": [],
          "skipped": [],
          "duration": 16082,
          "root": false,
          "rootEmpty": false,
          "_timeout": 2000
        }
      ],
      "passes": [],
      "failures": [],
      "pending": [],
      "skipped": [],
      "duration": 0,
      "root": true,
      "rootEmpty": true,
      "_timeout": 2000
    },
    {
      "uuid": "45649ee7-76b9-4973-a0ac-97bd54921328",
      "title": "",
      "fullFile": "cypress/e2e/amazon/amazon.cy.js",
      "file": "cypress/e2e/amazon/amazon.cy.js",
      "beforeHooks": [],
      "afterHooks": [],
      "tests": [],
      "suites": [
        {
          "uuid": "2fca2cdf-3fcf-430b-90e8-874b19b11b1b",
          "title": "E2E Automation Cari Kursi di Amazon",
          "fullFile": "",
          "file": "",
          "beforeHooks": [],
          "afterHooks": [],
          "tests": [
            {
              "title": "Cari Kursi di Amazon",
              "fullTitle": "E2E Automation Cari Kursi di Amazon Cari Kursi di Amazon",
              "timedOut": null,
              "duration": 24071,
              "state": "passed",
              "speed": "slow",
              "pass": true,
              "fail": false,
              "pending": false,
              "context": null,
              "code": "cy.visit(`${Cypress.env(\"amazon\")}`);\ncy.wait(8000);\ncy.scrollTo(\"top\");\n_cariBarang.default.typeKeyword('chair');\ncy.wait(1000);\n_pilihSortDropdown.default.selectPriceDesc();\ncy.wait(3000);\n_Barang.default.getTotalData().then($val => {\n  totalData = $val.length;\n  cy.log(`Banyaknya data = ${totalData}`);\n});\n_Barang.default.getNamaBarang().then(data => {\n  nmBarang = data;\n  cy.log(`Nama Barang = ${nmBarang}`);\n});\n_Barang.default.getHargaBarang().then(data => {\n  hrgBarang = data;\n  cy.log(`Harga Barang = ${hrgBarang}`);\n});\n_Barang.default.clickBarang();\n_detailBarang.default.checkNamaBarang().then(data => {\n  expect(data.trim()).equal(nmBarang);\n});\n_detailBarang.default.checkHrgBarang().then(data => {\n  expect(data.trim()).equal(hrgBarang);\n});\n// cy.then((data) => {\n//     cy.wrap(data).as('expectedData')\n//     cy.get('@expectedData')\n// })",
              "err": {},
              "uuid": "eca6184d-afaa-4570-9c83-a91c15d98387",
              "parentUUID": "2fca2cdf-3fcf-430b-90e8-874b19b11b1b",
              "isHook": false,
              "skipped": false
            }
          ],
          "suites": [],
          "passes": [
            "eca6184d-afaa-4570-9c83-a91c15d98387"
          ],
          "failures": [],
          "pending": [],
          "skipped": [],
          "duration": 24071,
          "root": false,
          "rootEmpty": false,
          "_timeout": 2000
        }
      ],
      "passes": [],
      "failures": [],
      "pending": [],
      "skipped": [],
      "duration": 0,
      "root": true,
      "rootEmpty": true,
      "_timeout": 2000
    },
    {
      "uuid": "de293cc1-c217-4039-a526-f1f8a7468e80",
      "title": "",
      "fullFile": "cypress/e2e/youtube/youtube.cy.js",
      "file": "cypress/e2e/youtube/youtube.cy.js",
      "beforeHooks": [],
      "afterHooks": [],
      "tests": [],
      "suites": [
        {
          "uuid": "d659a939-1a8f-4481-8af4-4dae57bf86a7",
          "title": "E2E Automation Cari Trending Video di Youtube",
          "fullFile": "",
          "file": "",
          "beforeHooks": [],
          "afterHooks": [],
          "tests": [
            {
              "title": "Search Video Trending on Youtube",
              "fullTitle": "E2E Automation Cari Trending Video di Youtube Search Video Trending on Youtube",
              "timedOut": null,
              "duration": 23518,
              "state": "passed",
              "speed": "slow",
              "pass": true,
              "fail": false,
              "pending": false,
              "context": null,
              "code": "let lang = Cypress.env('LANGUAGE') || 'en';\nconst messages = Cypress.env('labelYoutube');\nlet judulFilm, channel;\ncy.visit(`${Cypress.env(\"youtube\")}`);\n_homePage.default.getLangYoutube().then(langAttr => {\n  cy.log(`Language Default : ${langAttr}`);\n  lang = langAttr === \"id-ID\" ? \"id\" : \"en\";\n});\ncy.then(() => {\n  _homePage.default.goToTrendingMenu(messages[lang].explore);\n  _homePage.default.goToMoviesTab(messages[lang].movie);\n  // Get Judul Film\n  _trendingListPage.default.getJudulFilm().then(judul => {\n    judulFilm = judul;\n  });\n  // Get Channel\n  _trendingListPage.default.getChannelYoutube().then(src => {\n    channel = src;\n  });\n  cy.then(() => {\n    cy.log(`Judul Film : ${judulFilm}`);\n    cy.log(`Channel Name : ${channel}`);\n    _trendingListPage.default.clickMovies();\n    cy.wait(10000);\n    _moviePage.default.getMovieTitle(judulFilm);\n    _moviePage.default.getMovieChannel(channel);\n    _moviePage.default.clickShareAndCopy(messages[lang].share);\n    _moviePage.default.getLinkUrl().then(link => {\n      cy.log(`Link Url : ${link}`);\n    });\n  });\n});",
              "err": {},
              "uuid": "ce8fae44-0375-45fd-b098-2d9b4019eafc",
              "parentUUID": "d659a939-1a8f-4481-8af4-4dae57bf86a7",
              "isHook": false,
              "skipped": false
            }
          ],
          "suites": [],
          "passes": [
            "ce8fae44-0375-45fd-b098-2d9b4019eafc"
          ],
          "failures": [],
          "pending": [],
          "skipped": [],
          "duration": 23518,
          "root": false,
          "rootEmpty": false,
          "_timeout": 2000
        }
      ],
      "passes": [],
      "failures": [],
      "pending": [],
      "skipped": [],
      "duration": 0,
      "root": true,
      "rootEmpty": true,
      "_timeout": 2000
    }
  ],
  "meta": {
    "mocha": {
      "version": "7.2.0"
    },
    "mochawesome": {
      "options": {
        "quiet": false,
        "reportFilename": "mochawesome",
        "saveHtml": true,
        "saveJson": true,
        "consoleReporter": "spec",
        "useInlineDiffs": false,
        "code": true
      },
      "version": "7.1.3"
    },
    "marge": {
      "options": {
        "reportDir": "cypress/reports/mochawesome-report",
        "overwrite": false,
        "html": true,
        "json": true,
        "timestamp": "mmddyyyy_HHMMss"
      },
      "version": "6.2.0"
    }
  }
}